c:\users\c00240102\desktop\opengl-3-electric-bigalee\master\sfmlopengl\debug\vc142.pdb
c:\users\c00240102\desktop\opengl-3-electric-bigalee\master\sfmlopengl\debug\vc142.idb
c:\users\c00240102\desktop\opengl-3-electric-bigalee\master\sfmlopengl\debug\main.obj
c:\users\c00240102\desktop\opengl-3-electric-bigalee\master\sfmlopengl\debug\game.obj
c:\users\c00240102\desktop\opengl-3-electric-bigalee\master\sfmlopengl\debug\vector3.obj
c:\users\c00240102\desktop\opengl-3-electric-bigalee\master\sfmlopengl\debug\matrix3.obj
c:\users\c00240102\desktop\opengl-3-electric-bigalee\opengl-3-electric-bigalee\master\sfmlopengl\debug\vc142.pdb
c:\users\c00240102\desktop\opengl-3-electric-bigalee\opengl-3-electric-bigalee\master\sfmlopengl\debug\vc142.idb
c:\users\c00240102\desktop\opengl-3-electric-bigalee\opengl-3-electric-bigalee\master\sfmlopengl\debug\vector3.obj
c:\users\c00240102\desktop\opengl-3-electric-bigalee\opengl-3-electric-bigalee\master\sfmlopengl\debug\matrix3.obj
c:\users\c00240102\desktop\opengl-3-electric-bigalee\master\debug\sfmlopengl.exe
c:\users\c00240102\desktop\opengl-3-electric-bigalee\master\debug\sfmlopengl.ilk
c:\users\c00240102\desktop\opengl-3-electric-bigalee\master\debug\sfmlopengl.pdb
c:\users\c00240102\desktop\opengl-3-electric-bigalee\opengl-3-electric-bigalee\master\sfmlopengl\debug\game.obj
c:\users\c00240102\desktop\opengl-3-electric-bigalee\opengl-3-electric-bigalee\master\sfmlopengl\debug\main.obj
c:\users\c00240102\desktop\opengl-3-electric-bigalee\opengl-3-electric-bigalee\master\debug\sfmlopengl.pdb
c:\users\c00240102\desktop\opengl-3-electric-bigalee\opengl-3-electric-bigalee\master\debug\sfmlopengl.exe
c:\users\c00240102\desktop\opengl-3-electric-bigalee\opengl-3-electric-bigalee\master\debug\sfmlopengl.ilk
c:\users\c00240102\desktop\opengl-3-electric-bigalee\opengl-3-electric-bigalee\master\sfmlopengl\debug\sfmlopengl.tlog\cl.command.1.tlog
c:\users\c00240102\desktop\opengl-3-electric-bigalee\opengl-3-electric-bigalee\master\sfmlopengl\debug\sfmlopengl.tlog\cl.read.1.tlog
c:\users\c00240102\desktop\opengl-3-electric-bigalee\opengl-3-electric-bigalee\master\sfmlopengl\debug\sfmlopengl.tlog\cl.write.1.tlog
c:\users\c00240102\desktop\opengl-3-electric-bigalee\opengl-3-electric-bigalee\master\sfmlopengl\debug\sfmlopengl.tlog\link.command.1.tlog
c:\users\c00240102\desktop\opengl-3-electric-bigalee\opengl-3-electric-bigalee\master\sfmlopengl\debug\sfmlopengl.tlog\link.read.1.tlog
c:\users\c00240102\desktop\opengl-3-electric-bigalee\opengl-3-electric-bigalee\master\sfmlopengl\debug\sfmlopengl.tlog\link.write.1.tlog
